<?xml version="1.0" encoding="UTF-8"?>
<!-- Generated by org.testng.reporters.JUnitReportReporter -->
<testsuite hostname="MichaelVu-PC" failures="0" tests="3" name="demo.TestNGRetryFailedDemo" time="0.008" errors="0" timestamp="2019-08-26T01:02:21 EDT" skipped="0">
  <testcase classname="demo.TestNGRetryFailedDemo" name="test2" time="0.001"/>
  <testcase classname="demo.TestNGRetryFailedDemo" name="test1" time="0.006"/>
  <testcase classname="demo.TestNGRetryFailedDemo" name="test3" time="0.001"/>
</testsuite> <!-- demo.TestNGRetryFailedDemo -->
