<?xml version="1.0" encoding="UTF-8"?>
<!-- Generated by org.testng.reporters.JUnitReportReporter -->
<testsuite skipped="0" hostname="MichaelVu-PC" name="utils.ExcelDataProvider" tests="3" failures="0" timestamp="2019-08-26T16:32:32 EDT" time="7.143" errors="0">
  <testcase name="test1" time="2.192" classname="utils.ExcelDataProvider"/>
  <testcase name="test1" time="2.771" classname="utils.ExcelDataProvider"/>
  <testcase name="test1" time="2.180" classname="utils.ExcelDataProvider"/>
</testsuite> <!-- utils.ExcelDataProvider -->
