<?xml version="1.0" encoding="UTF-8"?>
<!-- Generated by org.testng.reporters.JUnitReportReporter -->
<testsuite hostname="MichaelVu-PC" failures="0" tests="1" name="demo.Test1" time="2.087" errors="0" timestamp="2019-08-25T14:27:37 EDT" skipped="0">
  <testcase classname="demo.Test1" name="test1" time="2.087"/>
</testsuite> <!-- demo.Test1 -->
