<?xml version="1.0" encoding="UTF-8"?>
<!-- Generated by org.testng.reporters.JUnitReportReporter -->
<testsuite hostname="MichaelVu-PC" failures="0" tests="2" name="demo.TestNGIgnoreDemo" time="0.006" errors="0" timestamp="2019-08-25T14:01:12 EDT" skipped="0">
  <testcase classname="demo.TestNGIgnoreDemo" name="test2" time="0.000"/>
  <testcase classname="demo.TestNGIgnoreDemo" name="test1" time="0.006"/>
</testsuite> <!-- demo.TestNGIgnoreDemo -->
