<?xml version="1.0" encoding="UTF-8"?>
<!-- Generated by org.testng.reporters.JUnitReportReporter -->
<testsuite hostname="MichaelVu-PC" failures="0" tests="3" name="listeners.TestNGListenerDemo2" time="0.000" errors="0" timestamp="23 Aug 2019 20:35:54 GMT" skipped="1">
  <testcase classname="listeners.TestNGListenerDemo2" name="test6" time="0.000">
    <skipped/>
  </testcase> <!-- test6 -->
  <testcase classname="listeners.TestNGListenerDemo2" name="test4" time="0.000"/>
  <testcase classname="listeners.TestNGListenerDemo2" name="test5" time="0.000"/>
</testsuite> <!-- listeners.TestNGListenerDemo2 -->
