<?xml version="1.0" encoding="UTF-8"?>
<!-- Generated by org.testng.reporters.JUnitReportReporter -->
<testsuite hostname="MichaelVu-PC" failures="0" tests="3" name="demo.TestNGDependencyDemo" time="0.007" errors="0" timestamp="2019-08-25T13:55:09 EDT" skipped="0">
  <testcase classname="demo.TestNGDependencyDemo" name="test1" time="0.001"/>
  <testcase classname="demo.TestNGDependencyDemo" name="test2" time="0.005"/>
  <testcase classname="demo.TestNGDependencyDemo" name="test3" time="0.001"/>
</testsuite> <!-- demo.TestNGDependencyDemo -->
