<?xml version="1.0" encoding="UTF-8"?>
<!-- Generated by org.testng.reporters.JUnitReportReporter -->
<testsuite hostname="MichaelVu-PC" failures="0" tests="2" name="test.TestNG_Demo2" time="2.169" errors="0" timestamp="22 Aug 2019 22:19:10 GMT" skipped="0">
  <testcase classname="test.TestNG_Demo2" name="googleSearch3" time="0.565"/>
  <testcase classname="test.TestNG_Demo2" name="googleSearch2" time="1.604"/>
</testsuite> <!-- test.TestNG_Demo2 -->
