<?xml version="1.0" encoding="UTF-8"?>
<!-- Generated by org.testng.reporters.JUnitReportReporter -->
<testsuite hostname="MichaelVu-PC" failures="0" tests="1" name="demo.TestNGMultiBrowserDemo" time="4.556" errors="0" timestamp="2019-08-25T13:05:11 EDT" skipped="0">
  <testcase classname="demo.TestNGMultiBrowserDemo" name="test1" time="4.556"/>
</testsuite> <!-- demo.TestNGMultiBrowserDemo -->
