<?xml version="1.0" encoding="UTF-8"?>
<!-- Generated by org.testng.reporters.JUnitReportReporter -->
<testsuite hostname="MichaelVu-PC" failures="0" tests="3" name="utils.ExcelDataProvider" time="7.507" errors="0" timestamp="23 Aug 2019 19:47:20 GMT" skipped="0">
  <testcase classname="utils.ExcelDataProvider" name="test1" time="2.975"/>
  <testcase classname="utils.ExcelDataProvider" name="test1" time="2.200"/>
  <testcase classname="utils.ExcelDataProvider" name="test1" time="2.332"/>
</testsuite> <!-- utils.ExcelDataProvider -->
