<?xml version="1.0" encoding="UTF-8"?>
<!-- Generated by org.testng.reporters.JUnitReportReporter -->
<testsuite hostname="MichaelVu-PC" failures="0" tests="1" name="demo.TestNGParametersDemo" time="0.006" errors="0" timestamp="2019-08-25T13:45:29 EDT" skipped="0">
  <testcase classname="demo.TestNGParametersDemo" name="test" time="0.006"/>
</testsuite> <!-- demo.TestNGParametersDemo -->
