<?xml version="1.0" encoding="UTF-8"?>
<!-- Generated by org.testng.reporters.JUnitReportReporter -->
<testsuite hostname="MichaelVu-PC" failures="0" tests="3" name="demo.TestNGPriorityDemo" time="0.006" errors="0" timestamp="25 Aug 2019 15:55:40 GMT" skipped="0">
  <testcase classname="demo.TestNGPriorityDemo" name="one" time="0.005"/>
  <testcase classname="demo.TestNGPriorityDemo" name="two" time="0.001"/>
  <testcase classname="demo.TestNGPriorityDemo" name="three" time="0.000"/>
</testsuite> <!-- demo.TestNGPriorityDemo -->
