<?xml version="1.0" encoding="UTF-8"?>
<!-- Generated by org.testng.reporters.JUnitReportReporter -->
<testsuite hostname="MichaelVu-PC" failures="0" tests="1" name="test.TestNG_Demo" time="2.179" errors="0" timestamp="2019-08-25T12:43:45 EDT" skipped="0">
  <testcase classname="test.TestNG_Demo" name="googleSearch" time="2.179"/>
</testsuite> <!-- test.TestNG_Demo -->
