<?xml version="1.0" encoding="UTF-8"?>
<!-- Generated by org.testng.reporters.JUnitReportReporter -->
<testsuite hostname="MichaelVu-PC" failures="0" tests="2" name="test.ExtentReportsDemoWithTestNG" time="0.580" errors="0" timestamp="22 Aug 2019 21:32:16 GMT" skipped="0">
  <testcase classname="test.ExtentReportsDemoWithTestNG" name="test2" time="0.002"/>
  <testcase classname="test.ExtentReportsDemoWithTestNG" name="test1" time="0.578"/>
</testsuite> <!-- test.ExtentReportsDemoWithTestNG -->
